0 info it worked if it ends with ok
1 verbose cli [ '/usr/local/bin/node',
1 verbose cli   '/usr/local/bin/npm',
1 verbose cli   'install',
1 verbose cli   'gul-tinypng' ]
2 info using npm@2.14.2
3 info using node@v4.0.0
4 verbose install initial load of /Users/guoshencheng/Documents/OtherProject/burnlovers/package.json
5 verbose installManyTop reading scoped package data from /Users/guoshencheng/Documents/OtherProject/burnlovers/node_modules/body-parser/package.json
6 verbose installManyTop reading scoped package data from /Users/guoshencheng/Documents/OtherProject/burnlovers/node_modules/cookie-parser/package.json
7 verbose installManyTop reading scoped package data from /Users/guoshencheng/Documents/OtherProject/burnlovers/node_modules/debug/package.json
8 verbose installManyTop reading scoped package data from /Users/guoshencheng/Documents/OtherProject/burnlovers/node_modules/ejs/package.json
9 verbose installManyTop reading scoped package data from /Users/guoshencheng/Documents/OtherProject/burnlovers/node_modules/ejs-loader/package.json
10 verbose installManyTop reading scoped package data from /Users/guoshencheng/Documents/OtherProject/burnlovers/node_modules/express/package.json
11 verbose installManyTop reading scoped package data from /Users/guoshencheng/Documents/OtherProject/burnlovers/node_modules/express-session/package.json
12 verbose installManyTop reading scoped package data from /Users/guoshencheng/Documents/OtherProject/burnlovers/node_modules/gulp/package.json
13 verbose installManyTop reading scoped package data from /Users/guoshencheng/Documents/OtherProject/burnlovers/node_modules/gulp-ejs/package.json
14 verbose installManyTop reading scoped package data from /Users/guoshencheng/Documents/OtherProject/burnlovers/node_modules/gulp-tinypng/package.json
15 verbose installManyTop reading scoped package data from /Users/guoshencheng/Documents/OtherProject/burnlovers/node_modules/gulp-util/package.json
16 verbose installManyTop reading scoped package data from /Users/guoshencheng/Documents/OtherProject/burnlovers/node_modules/mongodb/package.json
17 verbose installManyTop reading scoped package data from /Users/guoshencheng/Documents/OtherProject/burnlovers/node_modules/morgan/package.json
18 verbose installManyTop reading scoped package data from /Users/guoshencheng/Documents/OtherProject/burnlovers/node_modules/pixi/package.json
19 verbose installManyTop reading scoped package data from /Users/guoshencheng/Documents/OtherProject/burnlovers/node_modules/serve-favicon/package.json
20 verbose installManyTop reading scoped package data from /Users/guoshencheng/Documents/OtherProject/burnlovers/node_modules/webpack/package.json
21 verbose installManyTop reading scoped package data from /Users/guoshencheng/Documents/OtherProject/burnlovers/node_modules/webpack-dev-server/package.json
22 info package.json gulp-ejs@1.2.1 No license field.
23 verbose readDependencies loading dependencies from /Users/guoshencheng/Documents/OtherProject/burnlovers/package.json
24 silly cache add args [ 'gul-tinypng', null ]
25 verbose cache add spec gul-tinypng
26 silly cache add parsed spec Result {
26 silly cache add   raw: 'gul-tinypng',
26 silly cache add   scope: null,
26 silly cache add   name: 'gul-tinypng',
26 silly cache add   rawSpec: '',
26 silly cache add   spec: '*',
26 silly cache add   type: 'range' }
27 silly addNamed gul-tinypng@*
28 verbose addNamed "*" is a valid semver range for gul-tinypng
29 silly addNameRange { name: 'gul-tinypng', range: '*', hasData: false }
30 silly mapToRegistry name gul-tinypng
31 silly mapToRegistry using default registry
32 silly mapToRegistry registry https://registry.npm.taobao.org/
33 silly mapToRegistry uri https://registry.npm.taobao.org/gul-tinypng
34 verbose addNameRange registry:https://registry.npm.taobao.org/gul-tinypng not in flight; fetching
35 verbose request uri https://registry.npm.taobao.org/gul-tinypng
36 verbose request no auth needed
37 info attempt registry request try #1 at 11:28:23 AM
38 verbose request id 91973de02792ab92
39 http request GET https://registry.npm.taobao.org/gul-tinypng
40 http 404 https://registry.npm.taobao.org/gul-tinypng
41 verbose headers { 'content-type': 'application/json',
41 verbose headers   'cache-control': 'max-age=0',
41 verbose headers   'content-length': '2',
41 verbose headers   'accept-ranges': 'bytes',
41 verbose headers   date: 'Tue, 10 Nov 2015 03:28:22 GMT',
41 verbose headers   via: '1.1 varnish',
41 verbose headers   age: '0',
41 verbose headers   connection: 'close',
41 verbose headers   'x-served-by': 'cache-nrt6133-NRT',
41 verbose headers   'x-cache': 'MISS',
41 verbose headers   'x-cache-hits': '0',
41 verbose headers   'x-timer': 'S1447126102.713554,VS0,VE167' }
42 silly get cb [ 404,
42 silly get   { 'content-type': 'application/json',
42 silly get     'cache-control': 'max-age=0',
42 silly get     'content-length': '2',
42 silly get     'accept-ranges': 'bytes',
42 silly get     date: 'Tue, 10 Nov 2015 03:28:22 GMT',
42 silly get     via: '1.1 varnish',
42 silly get     age: '0',
42 silly get     connection: 'close',
42 silly get     'x-served-by': 'cache-nrt6133-NRT',
42 silly get     'x-cache': 'MISS',
42 silly get     'x-cache-hits': '0',
42 silly get     'x-timer': 'S1447126102.713554,VS0,VE167' } ]
43 verbose stack Error: Registry returned 404 for GET on https://registry.npm.taobao.org/gul-tinypng
43 verbose stack     at makeError (/usr/local/lib/node_modules/npm/node_modules/npm-registry-client/lib/request.js:263:12)
43 verbose stack     at CachingRegistryClient.<anonymous> (/usr/local/lib/node_modules/npm/node_modules/npm-registry-client/lib/request.js:241:14)
43 verbose stack     at Request._callback (/usr/local/lib/node_modules/npm/node_modules/npm-registry-client/lib/request.js:171:14)
43 verbose stack     at Request.self.callback (/usr/local/lib/node_modules/npm/node_modules/request/request.js:198:22)
43 verbose stack     at emitTwo (events.js:87:13)
43 verbose stack     at Request.emit (events.js:172:7)
43 verbose stack     at Request.<anonymous> (/usr/local/lib/node_modules/npm/node_modules/request/request.js:1073:14)
43 verbose stack     at emitOne (events.js:82:20)
43 verbose stack     at Request.emit (events.js:169:7)
43 verbose stack     at IncomingMessage.<anonymous> (/usr/local/lib/node_modules/npm/node_modules/request/request.js:1019:12)
44 verbose statusCode 404
45 verbose pkgid gul-tinypng
46 verbose cwd /Users/guoshencheng/Documents/OtherProject/burnlovers
47 error Darwin 15.0.0
48 error argv "/usr/local/bin/node" "/usr/local/bin/npm" "install" "gul-tinypng"
49 error node v4.0.0
50 error npm  v2.14.2
51 error code E404
52 error 404 Registry returned 404 for GET on https://registry.npm.taobao.org/gul-tinypng
52 error 404
52 error 404 'gul-tinypng' is not in the npm registry.
52 error 404 You should bug the author to publish it (or use the name yourself!)
52 error 404 It was specified as a dependency of 'vooote'
52 error 404
52 error 404 Note that you can also install from a
52 error 404 tarball, folder, http url, or git url.
53 verbose exit [ 1, true ]
